  neurnet.cpp
c:\prenos\NeuralFin\neurnet.cpp(221,16): warning C4244: inicializování: double se převádí na int; může dojít ke ztrátě dat.
c:\prenos\NeuralFin\neurnet.cpp(222,16): warning C4244: inicializování: double se převádí na int; může dojít ke ztrátě dat.
c:\prenos\NeuralFin\neurnet.cpp(241,20): warning C4244: inicializování: double se převádí na int; může dojít ke ztrátě dat.
c:\prenos\NeuralFin\neurnet.cpp(242,20): warning C4244: inicializování: double se převádí na int; může dojít ke ztrátě dat.
c:\prenos\NeuralFin\neurnet.cpp(273,59): warning C4244: argument: double se převádí na int; může dojít ke ztrátě dat.
c:\prenos\NeuralFin\neurnet.cpp(275,53): warning C4244: argument: double se převádí na int; může dojít ke ztrátě dat.
c:\prenos\NeuralFin\neurnet.cpp(275,46): warning C4244: argument: double se převádí na int; může dojít ke ztrátě dat.
c:\prenos\NeuralFin\neurnet.cpp(293,114): warning C4244: argument: double se převádí na int; může dojít ke ztrátě dat.
c:\prenos\NeuralFin\neurnet.cpp(293,65): warning C4244: argument: double se převádí na int; může dojít ke ztrátě dat.
c:\prenos\NeuralFin\neurnet.cpp(584,65): warning C4267: =: Převod z: size_t na: int, může dojít ke ztrátě dat.
c:\prenos\NeuralFin\neurnet.cpp(820,66): warning C4267: =: Převod z: size_t na: int, může dojít ke ztrátě dat.
c:\prenos\NeuralFin\neurnet.cpp(1015,68): warning C4267: =: Převod z: size_t na: int, může dojít ke ztrátě dat.
c:\prenos\NeuralFin\neurnet.cpp(1176,39): warning C4267: inicializování: Převod z: size_t na: int, může dojít ke ztrátě dat.
c:\prenos\NeuralFin\neurnet.cpp(1233,43): warning C4267: inicializování: Převod z: size_t na: int, může dojít ke ztrátě dat.
  Vytváří se kód.
  Previous IPDB and IOBJ mismatch, fall back to full compilation.
  All 388 functions were compiled because no usable IPDB/IOBJ from previous compilation was found.
  Vytváření kódu se dokončilo.
  neurnet.vcxproj -> C:\prenos\NeuralFin\x64\Release\neurnet.exe
