  neurnet.cpp
C:\prenos\NeuralFin\MiniDNN-master\include\Utils\IO.h(90,37): warning C4267: inicializování: Převod z: size_t na: int, může dojít ke ztrátě dat.
C:\prenos\NeuralFin\MiniDNN-master\include\Utils\IO.h(90,37): warning C4267: inicializování: Převod z: size_t na: const int, může dojít ke ztrátě dat.
C:\prenos\NeuralFin\MiniDNN-master\include\Utils\Convolution.h(138,31): warning C4244: inicializování: Eigen::Index se převádí na int; může dojít ke ztrátě dat.
C:\prenos\NeuralFin\MiniDNN-master\include\Utils\Convolution.h(138,20): warning C4244: inicializování: Eigen::Index se převádí na const int; může dojít ke ztrátě dat.
C:\prenos\NeuralFin\MiniDNN-master\include\Utils\Convolution.h(139,31): warning C4244: inicializování: Eigen::Index se převádí na int; může dojít ke ztrátě dat.
C:\prenos\NeuralFin\MiniDNN-master\include\Utils\Convolution.h(139,20): warning C4244: inicializování: Eigen::Index se převádí na const int; může dojít ke ztrátě dat.
C:\prenos\NeuralFin\MiniDNN-master\include\Utils\Convolution.h(140,31): warning C4244: inicializování: Eigen::Index se převádí na int; může dojít ke ztrátě dat.
C:\prenos\NeuralFin\MiniDNN-master\include\Utils\Convolution.h(140,20): warning C4244: inicializování: Eigen::Index se převádí na const int; může dojít ke ztrátě dat.
C:\prenos\NeuralFin\MiniDNN-master\include\Utils\Convolution.h(141,31): warning C4244: inicializování: Eigen::Index se převádí na int; může dojít ke ztrátě dat.
C:\prenos\NeuralFin\MiniDNN-master\include\Utils\Convolution.h(141,20): warning C4244: inicializování: Eigen::Index se převádí na const int; může dojít ke ztrátě dat.
C:\prenos\NeuralFin\MiniDNN-master\include\Utils\Convolution.h(250,31): warning C4244: inicializování: Eigen::Index se převádí na int; může dojít ke ztrátě dat.
C:\prenos\NeuralFin\MiniDNN-master\include\Utils\Convolution.h(250,20): warning C4244: inicializování: Eigen::Index se převádí na const int; může dojít ke ztrátě dat.
C:\prenos\NeuralFin\MiniDNN-master\include\Utils\Convolution.h(251,31): warning C4244: inicializování: Eigen::Index se převádí na int; může dojít ke ztrátě dat.
C:\prenos\NeuralFin\MiniDNN-master\include\Utils\Convolution.h(251,20): warning C4244: inicializování: Eigen::Index se převádí na const int; může dojít ke ztrátě dat.
C:\prenos\NeuralFin\MiniDNN-master\include\Utils\Convolution.h(252,31): warning C4244: inicializování: Eigen::Index se převádí na int; může dojít ke ztrátě dat.
C:\prenos\NeuralFin\MiniDNN-master\include\Utils\Convolution.h(252,20): warning C4244: inicializování: Eigen::Index se převádí na const int; může dojít ke ztrátě dat.
C:\prenos\NeuralFin\MiniDNN-master\include\Utils\Convolution.h(253,31): warning C4244: inicializování: Eigen::Index se převádí na int; může dojít ke ztrátě dat.
C:\prenos\NeuralFin\MiniDNN-master\include\Utils\Convolution.h(253,20): warning C4244: inicializování: Eigen::Index se převádí na const int; může dojít ke ztrátě dat.
C:\prenos\NeuralFin\MiniDNN-master\include\Output\RegressionMSE.h(30,50): warning C4244: inicializování: Eigen::Index se převádí na int; může dojít ke ztrátě dat.
C:\prenos\NeuralFin\MiniDNN-master\include\Output\RegressionMSE.h(30,28): warning C4244: inicializování: Eigen::Index se převádí na const int; může dojít ke ztrátě dat.
C:\prenos\NeuralFin\MiniDNN-master\include\Output\RegressionMSE.h(31,50): warning C4244: inicializování: Eigen::Index se převádí na int; může dojít ke ztrátě dat.
C:\prenos\NeuralFin\MiniDNN-master\include\Output\RegressionMSE.h(31,28): warning C4244: inicializování: Eigen::Index se převádí na const int; může dojít ke ztrátě dat.
C:\prenos\NeuralFin\MiniDNN-master\include\Output\BinaryClassEntropy.h(27,42): warning C4244: inicializování: Eigen::EigenBase<Derived>::Index se převádí na int; může dojít ke ztrátě dat.
          with
          [
              Derived=Eigen::Matrix<double,-1,-1,0,-1,-1>
          ]
C:\prenos\NeuralFin\MiniDNN-master\include\Output\BinaryClassEntropy.h(27,29): warning C4244: inicializování: Eigen::EigenBase<Derived>::Index se převádí na const int; může dojít ke ztrátě dat.
          with
          [
              Derived=Eigen::Matrix<double,-1,-1,0,-1,-1>
          ]
C:\prenos\NeuralFin\MiniDNN-master\include\Output\BinaryClassEntropy.h(42,41): warning C4244: inicializování: Eigen::EigenBase<Derived>::Index se převádí na int; může dojít ke ztrátě dat.
          with
          [
              Derived=Eigen::Matrix<int,1,-1,1,1,-1>
          ]
C:\prenos\NeuralFin\MiniDNN-master\include\Output\BinaryClassEntropy.h(42,28): warning C4244: inicializování: Eigen::EigenBase<Derived>::Index se převádí na const int; může dojít ke ztrátě dat.
          with
          [
              Derived=Eigen::Matrix<int,1,-1,1,1,-1>
          ]
C:\prenos\NeuralFin\MiniDNN-master\include\Output\BinaryClassEntropy.h(56,50): warning C4244: inicializování: Eigen::Index se převádí na int; může dojít ke ztrátě dat.
C:\prenos\NeuralFin\MiniDNN-master\include\Output\BinaryClassEntropy.h(56,28): warning C4244: inicializování: Eigen::Index se převádí na const int; může dojít ke ztrátě dat.
C:\prenos\NeuralFin\MiniDNN-master\include\Output\BinaryClassEntropy.h(57,50): warning C4244: inicializování: Eigen::Index se převádí na int; může dojít ke ztrátě dat.
C:\prenos\NeuralFin\MiniDNN-master\include\Output\BinaryClassEntropy.h(57,28): warning C4244: inicializování: Eigen::Index se převádí na const int; může dojít ke ztrátě dat.
C:\prenos\NeuralFin\MiniDNN-master\include\Output\BinaryClassEntropy.h(77,50): warning C4244: inicializování: Eigen::Index se převádí na int; může dojít ke ztrátě dat.
C:\prenos\NeuralFin\MiniDNN-master\include\Output\BinaryClassEntropy.h(77,28): warning C4244: inicializování: Eigen::Index se převádí na const int; může dojít ke ztrátě dat.
C:\prenos\NeuralFin\MiniDNN-master\include\Output\BinaryClassEntropy.h(85,50): warning C4244: inicializování: Eigen::Index se převádí na int; může dojít ke ztrátě dat.
C:\prenos\NeuralFin\MiniDNN-master\include\Output\BinaryClassEntropy.h(85,28): warning C4244: inicializování: Eigen::Index se převádí na const int; může dojít ke ztrátě dat.
C:\prenos\NeuralFin\MiniDNN-master\include\Output\MultiClassEntropy.h(28,41): warning C4244: inicializování: Eigen::Index se převádí na int; může dojít ke ztrátě dat.
C:\prenos\NeuralFin\MiniDNN-master\include\Output\MultiClassEntropy.h(28,28): warning C4244: inicializování: Eigen::Index se převádí na const int; může dojít ke ztrátě dat.
C:\prenos\NeuralFin\MiniDNN-master\include\Output\MultiClassEntropy.h(29,43): warning C4244: inicializování: Eigen::Index se převádí na int; může dojít ke ztrátě dat.
C:\prenos\NeuralFin\MiniDNN-master\include\Output\MultiClassEntropy.h(29,30): warning C4244: inicializování: Eigen::Index se převádí na const int; může dojít ke ztrátě dat.
C:\prenos\NeuralFin\MiniDNN-master\include\Output\MultiClassEntropy.h(59,41): warning C4244: inicializování: Eigen::EigenBase<Derived>::Index se převádí na int; může dojít ke ztrátě dat.
          with
          [
              Derived=Eigen::Matrix<int,1,-1,1,1,-1>
          ]
C:\prenos\NeuralFin\MiniDNN-master\include\Output\MultiClassEntropy.h(59,28): warning C4244: inicializování: Eigen::EigenBase<Derived>::Index se převádí na const int; může dojít ke ztrátě dat.
          with
          [
              Derived=Eigen::Matrix<int,1,-1,1,1,-1>
          ]
C:\prenos\NeuralFin\MiniDNN-master\include\Output\MultiClassEntropy.h(75,50): warning C4244: inicializování: Eigen::Index se převádí na int; může dojít ke ztrátě dat.
C:\prenos\NeuralFin\MiniDNN-master\include\Output\MultiClassEntropy.h(75,28): warning C4244: inicializování: Eigen::Index se převádí na const int; může dojít ke ztrátě dat.
C:\prenos\NeuralFin\MiniDNN-master\include\Output\MultiClassEntropy.h(76,52): warning C4244: inicializování: Eigen::Index se převádí na int; může dojít ke ztrátě dat.
C:\prenos\NeuralFin\MiniDNN-master\include\Output\MultiClassEntropy.h(76,30): warning C4244: inicializování: Eigen::Index se převádí na const int; může dojít ke ztrátě dat.
C:\prenos\NeuralFin\MiniDNN-master\include\Output\MultiClassEntropy.h(96,50): warning C4244: inicializování: Eigen::Index se převádí na int; může dojít ke ztrátě dat.
C:\prenos\NeuralFin\MiniDNN-master\include\Output\MultiClassEntropy.h(96,28): warning C4244: inicializování: Eigen::Index se převádí na const int; může dojít ke ztrátě dat.
C:\prenos\NeuralFin\MiniDNN-master\include\Output\MultiClassEntropy.h(97,52): warning C4244: inicializování: Eigen::Index se převádí na int; může dojít ke ztrátě dat.
C:\prenos\NeuralFin\MiniDNN-master\include\Output\MultiClassEntropy.h(97,30): warning C4244: inicializování: Eigen::Index se převádí na const int; může dojít ke ztrátě dat.
C:\prenos\NeuralFin\MiniDNN-master\include\Output\MultiClassEntropy.h(129,41): warning C4244: inicializování: Eigen::EigenBase<Derived>::Index se převádí na int; může dojít ke ztrátě dat.
          with
          [
              Derived=Eigen::Matrix<double,-1,-1,0,-1,-1>
          ]
C:\prenos\NeuralFin\MiniDNN-master\include\Output\MultiClassEntropy.h(129,29): warning C4244: inicializování: Eigen::EigenBase<Derived>::Index se převádí na const int; může dojít ke ztrátě dat.
          with
          [
              Derived=Eigen::Matrix<double,-1,-1,0,-1,-1>
          ]
C:\prenos\NeuralFin\MiniDNN-master\include\Network.h(245,1): warning C4267: return: Převod z: size_t na: int, může dojít ke ztrátě dat.
C:\prenos\NeuralFin\MiniDNN-master\include\Layer\MaxPooling.h(134,50): warning C4244: inicializování: Eigen::Index se převádí na int; může dojít ke ztrátě dat.
C:\prenos\NeuralFin\MiniDNN-master\include\Layer\MaxPooling.h(133): message : Při kompilaci členské funkce třída šablona void MiniDNN::MaxPooling<MiniDNN::Mish>::backprop(const MiniDNN::MaxPooling<MiniDNN::Mish>::Matrix &,const MiniDNN::MaxPooling<MiniDNN::Mish>::Matrix &)
C:\prenos\NeuralFin\MiniDNN-master\include\Utils\Factory.h(140): message : Zobrazit odkaz na kompilované vytváření instancí funkce třída šablona MiniDNN::MaxPooling<MiniDNN::Mish>
C:\prenos\NeuralFin\MiniDNN-master\include\Layer\MaxPooling.h(134,28): warning C4244: inicializování: Eigen::Index se převádí na const int; může dojít ke ztrátě dat.
C:\prenos\NeuralFin\MiniDNN-master\include\Layer\MaxPooling.h(146,42): warning C4244: inicializování: Eigen::EigenBase<Derived>::Index se převádí na int; může dojít ke ztrátě dat.
          with
          [
              Derived=Eigen::Matrix<double,-1,-1,0,-1,-1>
          ]
C:\prenos\NeuralFin\MiniDNN-master\include\Layer\MaxPooling.h(146,32): warning C4244: inicializování: Eigen::EigenBase<Derived>::Index se převádí na const int; může dojít ke ztrátě dat.
          with
          [
              Derived=Eigen::Matrix<double,-1,-1,0,-1,-1>
          ]
C:\prenos\NeuralFin\MiniDNN-master\include\Layer\MaxPooling.h(77,50): warning C4244: inicializování: Eigen::Index se převádí na int; může dojít ke ztrátě dat.
C:\prenos\NeuralFin\MiniDNN-master\include\Layer\MaxPooling.h(75): message : Při kompilaci členské funkce třída šablona void MiniDNN::MaxPooling<MiniDNN::Mish>::forward(const MiniDNN::MaxPooling<MiniDNN::Mish>::Matrix &)
C:\prenos\NeuralFin\MiniDNN-master\include\Layer\MaxPooling.h(77,28): warning C4244: inicializování: Eigen::Index se převádí na const int; může dojít ke ztrátě dat.
C:\prenos\NeuralFin\MiniDNN-master\include\Layer\MaxPooling.h(82,57): warning C4244: inicializování: Eigen::EigenBase<Derived>::Index se převádí na int; může dojít ke ztrátě dat.
          with
          [
              Derived=Eigen::Matrix<double,-1,-1,0,-1,-1>
          ]
C:\prenos\NeuralFin\MiniDNN-master\include\Layer\MaxPooling.h(82,35): warning C4244: inicializování: Eigen::EigenBase<Derived>::Index se převádí na const int; může dojít ke ztrátě dat.
          with
          [
              Derived=Eigen::Matrix<double,-1,-1,0,-1,-1>
          ]
C:\prenos\NeuralFin\MiniDNN-master\include\Layer\Convolutional.h(137,50): warning C4244: inicializování: Eigen::Index se převádí na int; může dojít ke ztrátě dat.
C:\prenos\NeuralFin\MiniDNN-master\include\Layer\Convolutional.h(136): message : Při kompilaci členské funkce třída šablona void MiniDNN::Convolutional<MiniDNN::Mish>::backprop(const MiniDNN::Convolutional<MiniDNN::Mish>::Matrix &,const MiniDNN::Convolutional<MiniDNN::Mish>::Matrix &)
C:\prenos\NeuralFin\MiniDNN-master\include\Utils\Factory.h(103): message : Zobrazit odkaz na kompilované vytváření instancí funkce třída šablona MiniDNN::Convolutional<MiniDNN::Mish>
C:\prenos\NeuralFin\MiniDNN-master\include\Layer\Convolutional.h(137,28): warning C4244: inicializování: Eigen::Index se převádí na const int; může dojít ke ztrátě dat.
C:\prenos\NeuralFin\MiniDNN-master\include\Layer\Convolutional.h(104,50): warning C4244: inicializování: Eigen::Index se převádí na int; může dojít ke ztrátě dat.
C:\prenos\NeuralFin\MiniDNN-master\include\Layer\Convolutional.h(102): message : Při kompilaci členské funkce třída šablona void MiniDNN::Convolutional<MiniDNN::Mish>::forward(const MiniDNN::Convolutional<MiniDNN::Mish>::Matrix &)
C:\prenos\NeuralFin\MiniDNN-master\include\Layer\Convolutional.h(104,28): warning C4244: inicializování: Eigen::Index se převádí na const int; může dojít ke ztrátě dat.
C:\prenos\NeuralFin\MiniDNN-master\include\Layer\FullyConnected.h(92,50): warning C4244: inicializování: Eigen::Index se převádí na int; může dojít ke ztrátě dat.
C:\prenos\NeuralFin\MiniDNN-master\include\Layer\FullyConnected.h(91): message : Při kompilaci členské funkce třída šablona void MiniDNN::FullyConnected<MiniDNN::Mish>::backprop(const MiniDNN::FullyConnected<MiniDNN::Mish>::Matrix &,const MiniDNN::FullyConnected<MiniDNN::Mish>::Matrix &)
C:\prenos\NeuralFin\MiniDNN-master\include\Utils\Factory.h(66): message : Zobrazit odkaz na kompilované vytváření instancí funkce třída šablona MiniDNN::FullyConnected<MiniDNN::Mish>
C:\prenos\NeuralFin\MiniDNN-master\include\Layer\FullyConnected.h(92,28): warning C4244: inicializování: Eigen::Index se převádí na const int; může dojít ke ztrátě dat.
C:\prenos\NeuralFin\MiniDNN-master\include\Layer\FullyConnected.h(73,50): warning C4244: inicializování: Eigen::Index se převádí na int; může dojít ke ztrátě dat.
C:\prenos\NeuralFin\MiniDNN-master\include\Layer\FullyConnected.h(72): message : Při kompilaci členské funkce třída šablona void MiniDNN::FullyConnected<MiniDNN::Mish>::forward(const MiniDNN::FullyConnected<MiniDNN::Mish>::Matrix &)
C:\prenos\NeuralFin\MiniDNN-master\include\Layer\FullyConnected.h(73,28): warning C4244: inicializování: Eigen::Index se převádí na const int; může dojít ke ztrátě dat.
C:\prenos\NeuralFin\MiniDNN-master\include\Layer\FullyConnected.h(57,71): warning C4244: argument: Eigen::EigenBase<Derived>::Index se převádí na const int; může dojít ke ztrátě dat.
          with
          [
              Derived=Eigen::Matrix<double,-1,-1,0,-1,-1>
          ]
C:\prenos\NeuralFin\MiniDNN-master\include\Layer\FullyConnected.h(53): message : Při kompilaci členské funkce třída šablona void MiniDNN::FullyConnected<MiniDNN::Mish>::init(const MiniDNN::Scalar &,const MiniDNN::Scalar &,MiniDNN::RNG &)
C:\prenos\NeuralFin\MiniDNN-master\include\Layer\FullyConnected.h(58,67): warning C4244: argument: Eigen::EigenBase<Derived>::Index se převádí na const int; může dojít ke ztrátě dat.
          with
          [
              Derived=Eigen::Matrix<double,-1,1,0,-1,1>
          ]
C:\prenos\NeuralFin\MiniDNN-master\include\Utils\Random.h(36,28): warning C4244: inicializování: Eigen::EigenBase<Derived>::Index se převádí na int; může dojít ke ztrátě dat.
          with
          [
              Derived=Eigen::Matrix<double,-1,-1,0,-1,-1>
          ]
C:\prenos\NeuralFin\MiniDNN-master\include\Network.h(463): message : Zobrazit odkaz na kompilované vytváření instancí funkce šablona int MiniDNN::internal::create_shuffled_batches<Derived,Derived,Matrix,Matrix>(const Eigen::MatrixBase<Derived> &,const Eigen::MatrixBase<Derived> &,int,MiniDNN::RNG &,std::vector<Matrix,std::allocator<Matrix>> &,std::vector<Matrix,std::allocator<Matrix>> &)
          with
          [
              Derived=Eigen::Matrix<double,-1,-1,0,-1,-1>
          ]
C:\prenos\NeuralFin\neurnet.cpp(320): message : Zobrazit odkaz na kompilované vytváření instancí funkce šablona bool MiniDNN::Network::fit<Derived,Derived>(MiniDNN::Optimizer &,const Eigen::MatrixBase<Derived> &,const Eigen::MatrixBase<Derived> &,int,int,int)
          with
          [
              Derived=Eigen::Matrix<double,-1,-1,0,-1,-1>
          ]
C:\prenos\NeuralFin\MiniDNN-master\include\Utils\Random.h(36,20): warning C4244: inicializování: Eigen::EigenBase<Derived>::Index se převádí na const int; může dojít ke ztrátě dat.
          with
          [
              Derived=Eigen::Matrix<double,-1,-1,0,-1,-1>
          ]
C:\prenos\NeuralFin\MiniDNN-master\include\Utils\Random.h(37,28): warning C4244: inicializování: Eigen::EigenBase<Derived>::Index se převádí na int; může dojít ke ztrátě dat.
          with
          [
              Derived=Eigen::Matrix<double,-1,-1,0,-1,-1>
          ]
C:\prenos\NeuralFin\MiniDNN-master\include\Utils\Random.h(37,20): warning C4244: inicializování: Eigen::EigenBase<Derived>::Index se převádí na const int; může dojít ke ztrátě dat.
          with
          [
              Derived=Eigen::Matrix<double,-1,-1,0,-1,-1>
          ]
C:\prenos\NeuralFin\MiniDNN-master\include\Utils\Random.h(38,28): warning C4244: inicializování: Eigen::EigenBase<Derived>::Index se převádí na int; může dojít ke ztrátě dat.
          with
          [
              Derived=Eigen::Matrix<double,-1,-1,0,-1,-1>
          ]
C:\prenos\NeuralFin\MiniDNN-master\include\Utils\Random.h(38,20): warning C4244: inicializování: Eigen::EigenBase<Derived>::Index se převádí na const int; může dojít ke ztrátě dat.
          with
          [
              Derived=Eigen::Matrix<double,-1,-1,0,-1,-1>
          ]
C:\prenos\NeuralFin\MiniDNN-master\include\Utils\Random.h(47,31): warning C4244: argument: Eigen::EigenBase<Derived>::Index se převádí na const int; může dojít ke ztrátě dat.
          with
          [
              Derived=Eigen::Matrix<int,-1,1,0,-1,1>
          ]
  neurnet.vcxproj -> C:\prenos\NeuralFin\x64\Debug\neurnet.exe
